<?xml version='1.0' encoding='UTF-8'?>
<result plugin="junit@1.24">
  <suites>
    <suite>
      <file>/var/jenkins_home/jobs/Statisch-testen/workspace/target/surefire-reports/TEST-com.fontys.sop.textTest.xml</file>
      <name>com.fontys.sop.textTest</name>
      <duration>0.564</duration>
      <time>0.564</time>
      <nodeId>39</nodeId>
      <enclosingBlocks>
        <string>23</string>
      </enclosingBlocks>
      <enclosingBlockNames>
        <string>Test and SonarQube parallel</string>
      </enclosingBlockNames>
      <cases>
        <case>
          <duration>0.564</duration>
          <className>com.fontys.sop.textTest</className>
          <testName>testGetText</testName>
          <skipped>false</skipped>
          <failedSince>0</failedSince>
        </case>
        <case>
          <duration>0.0</duration>
          <className>com.fontys.sop.textTest</className>
          <testName>testSetText</testName>
          <skipped>false</skipped>
          <failedSince>0</failedSince>
        </case>
      </cases>
    </suite>
  </suites>
  <duration>0.564</duration>
  <keepLongStdio>false</keepLongStdio>
</result>